SF:lib/main.dart
DA:11,0
DA:15,1
DA:17,1
DA:19,1
DA:24,1
DA:32,1
DA:33,1
DA:35,1
DA:36,1
DA:37,1
DA:38,1
DA:39,1
DA:41,0
DA:42,0
DA:43,0
DA:44,0
DA:47,0
DA:48,0
DA:49,0
DA:54,1
DA:62,2
DA:64,1
DA:65,1
DA:91,1
DA:92,1
DA:95,0
DA:96,0
DA:97,0
DA:100,0
DA:101,0
DA:102,0
DA:103,0
DA:104,0
DA:108,0
DA:109,0
DA:110,0
DA:114,0
DA:115,0
DA:117,0
DA:118,0
DA:119,0
DA:120,0
DA:121,0
DA:122,0
DA:125,0
DA:127,0
DA:132,0
DA:133,0
DA:134,0
DA:135,0
DA:136,0
DA:140,0
DA:141,0
DA:142,0
DA:144,0
DA:145,0
DA:146,0
DA:147,0
DA:150,0
DA:151,0
DA:152,0
DA:158,0
DA:159,0
DA:160,0
DA:166,0
DA:167,0
DA:169,0
DA:170,0
DA:171,0
DA:173,0
DA:174,0
DA:181,1
DA:183,1
DA:185,0
DA:187,0
DA:189,0
DA:191,0
DA:193,0
DA:195,0
DA:197,0
DA:199,0
DA:201,0
DA:203,0
DA:205,0
DA:207,0
DA:209,0
DA:211,0
DA:215,3
DA:216,0
DA:219,0
DA:223,1
DA:224,1
DA:225,1
DA:228,1
DA:230,1
DA:231,1
DA:232,1
DA:236,1
DA:237,1
DA:238,2
DA:240,1
DA:241,1
DA:242,1
DA:243,1
DA:245,2
DA:246,1
DA:255,1
DA:256,1
DA:259,1
DA:260,1
DA:261,4
DA:262,1
DA:263,3
DA:265,1
DA:266,1
DA:276,1
DA:279,1
DA:282,1
DA:285,1
DA:288,1
DA:291,1
DA:294,1
DA:298,1
DA:300,1
DA:302,1
DA:303,1
DA:310,0
DA:311,0
DA:313,1
DA:318,1
DA:320,1
DA:321,1
DA:327,1
DA:328,1
DA:329,1
DA:330,1
DA:331,1
DA:332,1
DA:333,1
DA:334,1
DA:335,1
DA:336,1
DA:337,1
DA:338,1
DA:339,1
DA:344,1
DA:345,1
DA:346,1
DA:347,1
DA:348,1
DA:350,1
DA:351,1
DA:354,0
DA:355,0
DA:357,1
DA:358,1
DA:360,1
DA:363,1
DA:365,1
DA:366,1
DA:369,0
DA:370,0
DA:372,1
DA:373,1
DA:379,2
DA:380,3
DA:381,1
DA:382,1
DA:388,1
DA:389,1
DA:391,1
DA:393,1
DA:396,1
DA:397,1
DA:401,1
DA:403,1
DA:404,1
DA:407,0
DA:408,0
DA:409,0
DA:410,0
DA:411,0
DA:412,0
DA:413,0
DA:416,1
DA:417,2
DA:418,1
DA:420,1
DA:422,1
DA:441,1
DA:442,1
DA:446,1
DA:447,1
DA:449,1
DA:451,1
DA:454,1
DA:455,1
DA:459,1
DA:461,1
DA:462,1
DA:464,0
DA:465,0
DA:466,0
DA:467,0
DA:468,0
DA:469,0
DA:470,0
DA:471,0
DA:472,0
DA:473,0
DA:474,0
DA:475,0
DA:476,0
DA:477,0
DA:478,0
DA:479,0
DA:481,0
DA:484,3
DA:485,1
DA:487,1
DA:489,1
DA:496,1
DA:497,1
DA:503,1
DA:504,1
DA:505,3
DA:506,1
DA:507,1
DA:508,1
DA:509,1
DA:510,1
DA:512,1
DA:514,1
DA:522,0
DA:524,0
DA:526,0
DA:528,0
DA:529,0
DA:530,0
DA:532,0
DA:533,0
DA:534,0
DA:535,0
DA:536,0
DA:537,0
DA:538,0
DA:543,0
DA:544,0
DA:545,0
DA:550,0
DA:551,0
DA:552,0
DA:557,0
DA:558,0
DA:559,0
DA:564,0
DA:571,0
DA:573,0
DA:574,0
DA:575,0
DA:576,0
DA:585,1
DA:586,1
DA:587,1
DA:590,1
DA:592,1
DA:595,1
DA:601,1
DA:602,1
DA:603,1
DA:606,1
DA:607,1
DA:608,1
DA:610,1
DA:611,1
DA:615,1
DA:624,1
DA:625,0
DA:627,0
DA:629,1
LF:280
LH:150
end_of_record
SF:lib/roll_types.dart
DA:9,1
DA:10,2
DA:11,1
DA:12,0
DA:13,0
DA:14,0
DA:15,0
DA:16,0
DA:17,0
DA:21,0
DA:22,0
DA:23,0
DA:24,0
DA:33,0
DA:34,0
DA:37,1
DA:38,2
DA:48,0
DA:49,0
DA:50,0
DA:54,0
DA:56,0
DA:63,0
DA:67,0
DA:71,0
DA:76,0
LF:26
LH:5
end_of_record
